<?xml version="1.0" encoding="UTF-8"?>
<!DOCTYPE coverage SYSTEM "http://cobertura.sourceforge.net/xml/coverage-04.dtd">
<coverage line-rate="0.51384839650146" branch-rate="0" lines-covered="1410" lines-valid="2744" branches-covered="0" branches-valid="0" complexity="895" version="0.4" timestamp="1707629781">
  <sources>
    <source>/app</source>
  </sources>
  <packages>
    <package name="app/Console/Kernel.php" line-rate="0" branch-rate="0" complexity="2">
      <classes>
        <class name="App\Console\Kernel" filename="app/Console/Kernel.php" line-rate="0" branch-rate="0" complexity="2">
          <methods>
            <method name="schedule" signature="Illuminate\Console\Scheduling\Schedule $schedule" line-rate="0" branch-rate="0" complexity="1">
              <lines>
                <line number="15" hits="0"/>
              </lines>
            </method>
            <method name="commands" signature="" line-rate="0" branch-rate="0" complexity="1">
              <lines>
                <line number="22" hits="0"/>
                <line number="24" hits="0"/>
              </lines>
            </method>
          </methods>
          <lines>
            <line number="15" hits="0"/>
            <line number="22" hits="0"/>
            <line number="24" hits="0"/>
          </lines>
        </class>
      </classes>
    </package>
    <package name="app/Exceptions/Handler.php" line-rate="0" branch-rate="0" complexity="1">
      <classes>
        <class name="App\Exceptions\Handler" filename="app/Exceptions/Handler.php" line-rate="0" branch-rate="0" complexity="1">
          <methods>
            <method name="register" signature="" line-rate="0" branch-rate="0" complexity="1">
              <lines>
                <line number="25" hits="0"/>
                <line number="27" hits="0"/>
              </lines>
            </method>
          </methods>
          <lines>
            <line number="25" hits="0"/>
            <line number="27" hits="0"/>
          </lines>
        </class>
      </classes>
    </package>
    <package name="app/Http/Controllers/Controller.php" line-rate="0" branch-rate="0" complexity="0">
      <classes>
        <class name="App\Http\Controllers\Controller" filename="app/Http/Controllers/Controller.php" line-rate="0" branch-rate="0" complexity="0">
          <methods/>
          <lines/>
        </class>
      </classes>
    </package>
    <package name="app/Http/Kernel.php" line-rate="0" branch-rate="0" complexity="0">
      <classes>
        <class name="App\Http\Kernel" filename="app/Http/Kernel.php" line-rate="0" branch-rate="0" complexity="0">
          <methods/>
          <lines/>
        </class>
      </classes>
    </package>
    <package name="app/Http/Middleware/Authenticate.php" line-rate="0" branch-rate="0" complexity="2">
      <classes>
        <class name="App\Http\Middleware\Authenticate" filename="app/Http/Middleware/Authenticate.php" line-rate="0" branch-rate="0" complexity="2">
          <methods>
            <method name="redirectTo" signature="Illuminate\Http\Request $request" line-rate="0" branch-rate="0" complexity="2">
              <lines>
                <line number="14" hits="0"/>
              </lines>
            </method>
          </methods>
          <lines>
            <line number="14" hits="0"/>
          </lines>
        </class>
      </classes>
    </package>
    <package name="app/Http/Middleware/EncryptCookies.php" line-rate="0" branch-rate="0" complexity="0">
      <classes>
        <class name="App\Http\Middleware\EncryptCookies" filename="app/Http/Middleware/EncryptCookies.php" line-rate="0" branch-rate="0" complexity="0">
          <methods/>
          <lines/>
        </class>
      </classes>
    </package>
    <package name="app/Http/Middleware/PreventRequestsDuringMaintenance.php" line-rate="0" branch-rate="0" complexity="0">
      <classes>
        <class name="App\Http\Middleware\PreventRequestsDuringMaintenance" filename="app/Http/Middleware/PreventRequestsDuringMaintenance.php" line-rate="0" branch-rate="0" complexity="0">
          <methods/>
          <lines/>
        </class>
      </classes>
    </package>
    <package name="app/Http/Middleware/RedirectIfAuthenticated.php" line-rate="0" branch-rate="0" complexity="4">
      <classes>
        <class name="App\Http\Middleware\RedirectIfAuthenticated" filename="app/Http/Middleware/RedirectIfAuthenticated.php" line-rate="0" branch-rate="0" complexity="4">
          <methods>
            <method name="handle" signature="Illuminate\Http\Request $request, Closure $next, string $guards" line-rate="0" branch-rate="0" complexity="4">
              <lines>
                <line number="19" hits="0"/>
                <line number="21" hits="0"/>
                <line number="22" hits="0"/>
                <line number="23" hits="0"/>
                <line number="27" hits="0"/>
              </lines>
            </method>
          </methods>
          <lines>
            <line number="19" hits="0"/>
            <line number="21" hits="0"/>
            <line number="22" hits="0"/>
            <line number="23" hits="0"/>
            <line number="27" hits="0"/>
          </lines>
        </class>
      </classes>
    </package>
    <package name="app/Http/Middleware/TrimStrings.php" line-rate="0" branch-rate="0" complexity="0">
      <classes>
        <class name="App\Http\Middleware\TrimStrings" filename="app/Http/Middleware/TrimStrings.php" line-rate="0" branch-rate="0" complexity="0">
          <methods/>
          <lines/>
        </class>
      </classes>
    </package>
    <package name="app/Http/Middleware/TrustHosts.php" line-rate="0" branch-rate="0" complexity="1">
      <classes>
        <class name="App\Http\Middleware\TrustHosts" filename="app/Http/Middleware/TrustHosts.php" line-rate="0" branch-rate="0" complexity="1">
          <methods>
            <method name="hosts" signature="" line-rate="0" branch-rate="0" complexity="1">
              <lines>
                <line number="15" hits="0"/>
                <line number="16" hits="0"/>
                <line number="17" hits="0"/>
              </lines>
            </method>
          </methods>
          <lines>
            <line number="15" hits="0"/>
            <line number="16" hits="0"/>
            <line number="17" hits="0"/>
          </lines>
        </class>
      </classes>
    </package>
    <package name="app/Http/Middleware/TrustProxies.php" line-rate="0" branch-rate="0" complexity="0">
      <classes>
        <class name="App\Http\Middleware\TrustProxies" filename="app/Http/Middleware/TrustProxies.php" line-rate="0" branch-rate="0" complexity="0">
          <methods/>
          <lines/>
        </class>
      </classes>
    </package>
    <package name="app/Http/Middleware/ValidateSignature.php" line-rate="0" branch-rate="0" complexity="0">
      <classes>
        <class name="App\Http\Middleware\ValidateSignature" filename="app/Http/Middleware/ValidateSignature.php" line-rate="0" branch-rate="0" complexity="0">
          <methods/>
          <lines/>
        </class>
      </classes>
    </package>
    <package name="app/Http/Middleware/VerifyCsrfToken.php" line-rate="0" branch-rate="0" complexity="0">
      <classes>
        <class name="App\Http\Middleware\VerifyCsrfToken" filename="app/Http/Middleware/VerifyCsrfToken.php" line-rate="0" branch-rate="0" complexity="0">
          <methods/>
          <lines/>
        </class>
      </classes>
    </package>
    <package name="app/Models/User.php" line-rate="0" branch-rate="0" complexity="0">
      <classes>
        <class name="App\Models\User" filename="app/Models/User.php" line-rate="0" branch-rate="0" complexity="0">
          <methods/>
          <lines/>
        </class>
      </classes>
    </package>
    <package name="app/Providers/AppServiceProvider.php" line-rate="0" branch-rate="0" complexity="2">
      <classes>
        <class name="App\Providers\AppServiceProvider" filename="app/Providers/AppServiceProvider.php" line-rate="0" branch-rate="0" complexity="2">
          <methods>
            <method name="register" signature="" line-rate="0" branch-rate="0" complexity="1">
              <lines>
                <line number="14" hits="0"/>
              </lines>
            </method>
            <method name="boot" signature="" line-rate="0" branch-rate="0" complexity="1">
              <lines>
                <line number="22" hits="0"/>
              </lines>
            </method>
          </methods>
          <lines>
            <line number="14" hits="0"/>
            <line number="22" hits="0"/>
          </lines>
        </class>
      </classes>
    </package>
    <package name="app/Providers/AuthServiceProvider.php" line-rate="0" branch-rate="0" complexity="1">
      <classes>
        <class name="App\Providers\AuthServiceProvider" filename="app/Providers/AuthServiceProvider.php" line-rate="0" branch-rate="0" complexity="1">
          <methods>
            <method name="boot" signature="" line-rate="0" branch-rate="0" complexity="1">
              <lines>
                <line number="24" hits="0"/>
              </lines>
            </method>
          </methods>
          <lines>
            <line number="24" hits="0"/>
          </lines>
        </class>
      </classes>
    </package>
    <package name="app/Providers/BroadcastServiceProvider.php" line-rate="0" branch-rate="0" complexity="1">
      <classes>
        <class name="App\Providers\BroadcastServiceProvider" filename="app/Providers/BroadcastServiceProvider.php" line-rate="0" branch-rate="0" complexity="1">
          <methods>
            <method name="boot" signature="" line-rate="0" branch-rate="0" complexity="1">
              <lines>
                <line number="14" hits="0"/>
                <line number="16" hits="0"/>
              </lines>
            </method>
          </methods>
          <lines>
            <line number="14" hits="0"/>
            <line number="16" hits="0"/>
          </lines>
        </class>
      </classes>
    </package>
    <package name="app/Providers/EventServiceProvider.php" line-rate="0" branch-rate="0" complexity="2">
      <classes>
        <class name="App\Providers\EventServiceProvider" filename="app/Providers/EventServiceProvider.php" line-rate="0" branch-rate="0" complexity="2">
          <methods>
            <method name="boot" signature="" line-rate="0" branch-rate="0" complexity="1">
              <lines>
                <line number="28" hits="0"/>
              </lines>
            </method>
            <method name="shouldDiscoverEvents" signature="" line-rate="0" branch-rate="0" complexity="1">
              <lines>
                <line number="35" hits="0"/>
              </lines>
            </method>
          </methods>
          <lines>
            <line number="28" hits="0"/>
            <line number="35" hits="0"/>
          </lines>
        </class>
      </classes>
    </package>
    <package name="app/Providers/RouteServiceProvider.php" line-rate="0" branch-rate="0" complexity="2">
      <classes>
        <class name="App\Providers\RouteServiceProvider" filename="app/Providers/RouteServiceProvider.php" line-rate="0" branch-rate="0" complexity="2">
          <methods>
            <method name="boot" signature="" line-rate="0" branch-rate="0" complexity="2">
              <lines>
                <line number="26" hits="0"/>
                <line number="27" hits="0"/>
                <line number="28" hits="0"/>
                <line number="30" hits="0"/>
                <line number="31" hits="0"/>
                <line number="32" hits="0"/>
                <line number="33" hits="0"/>
                <line number="35" hits="0"/>
                <line number="36" hits="0"/>
                <line number="37" hits="0"/>
              </lines>
            </method>
          </methods>
          <lines>
            <line number="26" hits="0"/>
            <line number="27" hits="0"/>
            <line number="28" hits="0"/>
            <line number="30" hits="0"/>
            <line number="31" hits="0"/>
            <line number="32" hits="0"/>
            <line number="33" hits="0"/>
            <line number="35" hits="0"/>
            <line number="36" hits="0"/>
            <line number="37" hits="0"/>
          </lines>
        </class>
      </classes>
    </package>
    <package name="vendor/gammamatrix/playground-auth/src/Console/Commands/HashPassword.php" line-rate="0.9375" branch-rate="0" complexity="9">
      <classes>
        <class name="Playground\Auth\Console\Commands\HashPassword" filename="vendor/gammamatrix/playground-auth/src/Console/Commands/HashPassword.php" line-rate="0.9375" branch-rate="0" complexity="9">
          <methods>
            <method name="handle" signature="" line-rate="0.9375" branch-rate="0" complexity="9">
              <lines>
                <line number="42" hits="3"/>
                <line number="44" hits="3"/>
                <line number="45" hits="3"/>
                <line number="47" hits="0"/>
                <line number="50" hits="3"/>
                <line number="52" hits="3"/>
                <line number="53" hits="1"/>
                <line number="54" hits="1"/>
                <line number="57" hits="3"/>
                <line number="58" hits="1"/>
                <line number="59" hits="1"/>
                <line number="60" hits="1"/>
                <line number="61" hits="1"/>
                <line number="62" hits="1"/>
                <line number="63" hits="1"/>
                <line number="66" hits="2"/>
              </lines>
            </method>
          </methods>
          <lines>
            <line number="42" hits="3"/>
            <line number="44" hits="3"/>
            <line number="45" hits="3"/>
            <line number="47" hits="0"/>
            <line number="50" hits="3"/>
            <line number="52" hits="3"/>
            <line number="53" hits="1"/>
            <line number="54" hits="1"/>
            <line number="57" hits="3"/>
            <line number="58" hits="1"/>
            <line number="59" hits="1"/>
            <line number="60" hits="1"/>
            <line number="61" hits="1"/>
            <line number="62" hits="1"/>
            <line number="63" hits="1"/>
            <line number="66" hits="2"/>
          </lines>
        </class>
      </classes>
    </package>
    <package name="vendor/gammamatrix/playground-auth/src/Issuer.php" line-rate="0.67469879518072" branch-rate="0" complexity="43">
      <classes>
        <class name="Playground\Auth\Issuer" filename="vendor/gammamatrix/playground-auth/src/Issuer.php" line-rate="0.67469879518072" branch-rate="0" complexity="43">
          <methods>
            <method name="abilitiesByGroup" signature="string $group" line-rate="1" branch-rate="0" complexity="2">
              <lines>
                <line number="53" hits="1"/>
                <line number="55" hits="1"/>
              </lines>
            </method>
            <method name="abilities" signature="Illuminate\Contracts\Auth\Authenticatable $user" line-rate="0.7" branch-rate="0" complexity="12">
              <lines>
                <line number="63" hits="1"/>
                <line number="65" hits="1"/>
                <line number="66" hits="0"/>
                <line number="67" hits="1"/>
                <line number="68" hits="0"/>
                <line number="69" hits="1"/>
                <line number="70" hits="0"/>
                <line number="71" hits="1"/>
                <line number="72" hits="0"/>
                <line number="73" hits="1"/>
                <line number="74" hits="0"/>
                <line number="75" hits="1"/>
                <line number="76" hits="1"/>
                <line number="79" hits="1"/>
                <line number="80" hits="1"/>
                <line number="82" hits="1"/>
                <line number="84" hits="1"/>
                <line number="88" hits="1"/>
                <line number="89" hits="0"/>
                <line number="92" hits="1"/>
              </lines>
            </method>
            <method name="init" signature="Illuminate\Contracts\Auth\Authenticatable $user, array $config" line-rate="0.5" branch-rate="0" complexity="16">
              <lines>
                <line number="100" hits="1"/>
                <line number="101" hits="1"/>
                <line number="103" hits="0"/>
                <line number="106" hits="1"/>
                <line number="107" hits="0"/>
                <line number="108" hits="0"/>
                <line number="109" hits="0"/>
                <line number="111" hits="0"/>
                <line number="112" hits="0"/>
                <line number="113" hits="0"/>
                <line number="116" hits="1"/>
                <line number="117" hits="1"/>
                <line number="120" hits="1"/>
                <line number="121" hits="0"/>
                <line number="123" hits="1"/>
                <line number="126" hits="1"/>
                <line number="127" hits="0"/>
                <line number="129" hits="1"/>
                <line number="132" hits="1"/>
                <line number="133" hits="0"/>
                <line number="134" hits="0"/>
                <line number="135" hits="0"/>
                <line number="136" hits="0"/>
                <line number="137" hits="0"/>
                <line number="139" hits="0"/>
                <line number="140" hits="0"/>
                <line number="141" hits="0"/>
                <line number="142" hits="0"/>
                <line number="146" hits="1"/>
                <line number="147" hits="1"/>
                <line number="148" hits="1"/>
                <line number="149" hits="1"/>
                <line number="152" hits="1"/>
                <line number="153" hits="1"/>
                <line number="156" hits="1"/>
                <line number="157" hits="1"/>
              </lines>
            </method>
            <method name="listed" signature="Illuminate\Contracts\Auth\Authenticatable $user" line-rate="0.77777777777778" branch-rate="0" complexity="7">
              <lines>
                <line number="163" hits="1"/>
                <line number="164" hits="1"/>
                <line number="165" hits="1"/>
                <line number="166" hits="1"/>
                <line number="167" hits="0"/>
                <line number="171" hits="1"/>
                <line number="172" hits="1"/>
                <line number="173" hits="1"/>
                <line number="174" hits="0"/>
              </lines>
            </method>
            <method name="sanctum" signature="Laravel\Sanctum\Contracts\HasApiTokens $user" line-rate="0.9375" branch-rate="0" complexity="6">
              <lines>
                <line number="188" hits="1"/>
                <line number="190" hits="1"/>
                <line number="192" hits="1"/>
                <line number="193" hits="0"/>
                <line number="196" hits="1"/>
                <line number="198" hits="1"/>
                <line number="199" hits="1"/>
                <line number="200" hits="1"/>
                <line number="204" hits="1"/>
                <line number="205" hits="1"/>
                <line number="206" hits="1"/>
                <line number="209" hits="1"/>
                <line number="210" hits="1"/>
                <line number="211" hits="1"/>
                <line number="212" hits="1"/>
                <line number="214" hits="1"/>
              </lines>
            </method>
          </methods>
          <lines>
            <line number="53" hits="1"/>
            <line number="55" hits="1"/>
            <line number="63" hits="1"/>
            <line number="65" hits="1"/>
            <line number="66" hits="0"/>
            <line number="67" hits="1"/>
            <line number="68" hits="0"/>
            <line number="69" hits="1"/>
            <line number="70" hits="0"/>
            <line number="71" hits="1"/>
            <line number="72" hits="0"/>
            <line number="73" hits="1"/>
            <line number="74" hits="0"/>
            <line number="75" hits="1"/>
            <line number="76" hits="1"/>
            <line number="79" hits="1"/>
            <line number="80" hits="1"/>
            <line number="82" hits="1"/>
            <line number="84" hits="1"/>
            <line number="88" hits="1"/>
            <line number="89" hits="0"/>
            <line number="92" hits="1"/>
            <line number="100" hits="1"/>
            <line number="101" hits="1"/>
            <line number="103" hits="0"/>
            <line number="106" hits="1"/>
            <line number="107" hits="0"/>
            <line number="108" hits="0"/>
            <line number="109" hits="0"/>
            <line number="111" hits="0"/>
            <line number="112" hits="0"/>
            <line number="113" hits="0"/>
            <line number="116" hits="1"/>
            <line number="117" hits="1"/>
            <line number="120" hits="1"/>
            <line number="121" hits="0"/>
            <line number="123" hits="1"/>
            <line number="126" hits="1"/>
            <line number="127" hits="0"/>
            <line number="129" hits="1"/>
            <line number="132" hits="1"/>
            <line number="133" hits="0"/>
            <line number="134" hits="0"/>
            <line number="135" hits="0"/>
            <line number="136" hits="0"/>
            <line number="137" hits="0"/>
            <line number="139" hits="0"/>
            <line number="140" hits="0"/>
            <line number="141" hits="0"/>
            <line number="142" hits="0"/>
            <line number="146" hits="1"/>
            <line number="147" hits="1"/>
            <line number="148" hits="1"/>
            <line number="149" hits="1"/>
            <line number="152" hits="1"/>
            <line number="153" hits="1"/>
            <line number="156" hits="1"/>
            <line number="157" hits="1"/>
            <line number="163" hits="1"/>
            <line number="164" hits="1"/>
            <line number="165" hits="1"/>
            <line number="166" hits="1"/>
            <line number="167" hits="0"/>
            <line number="171" hits="1"/>
            <line number="172" hits="1"/>
            <line number="173" hits="1"/>
            <line number="174" hits="0"/>
            <line number="188" hits="1"/>
            <line number="190" hits="1"/>
            <line number="192" hits="1"/>
            <line number="193" hits="0"/>
            <line number="196" hits="1"/>
            <line number="198" hits="1"/>
            <line number="199" hits="1"/>
            <line number="200" hits="1"/>
            <line number="204" hits="1"/>
            <line number="205" hits="1"/>
            <line number="206" hits="1"/>
            <line number="209" hits="1"/>
            <line number="210" hits="1"/>
            <line number="211" hits="1"/>
            <line number="212" hits="1"/>
            <line number="214" hits="1"/>
          </lines>
        </class>
      </classes>
    </package>
    <package name="vendor/gammamatrix/playground-auth/src/Policies/Contracts/Role.php" line-rate="0" branch-rate="0" complexity="0">
      <classes/>
    </package>
    <package name="vendor/gammamatrix/playground-auth/src/Policies/ModelPolicy.php" line-rate="1" branch-rate="0" complexity="13">
      <classes>
        <class name="Playground\Auth\Policies\ModelPolicy" filename="vendor/gammamatrix/playground-auth/src/Policies/ModelPolicy.php" line-rate="1" branch-rate="0" complexity="13">
          <methods>
            <method name="create" signature="Illuminate\Contracts\Auth\Authenticatable $user" line-rate="1" branch-rate="0" complexity="1">
              <lines>
                <line number="22" hits="2"/>
              </lines>
            </method>
            <method name="delete" signature="Illuminate\Contracts\Auth\Authenticatable $user, Illuminate\Database\Eloquent\Model $model" line-rate="1" branch-rate="0" complexity="2">
              <lines>
                <line number="36" hits="3"/>
                <line number="38" hits="1"/>
                <line number="39" hits="1"/>
                <line number="40" hits="1"/>
                <line number="41" hits="1"/>
                <line number="44" hits="2"/>
              </lines>
            </method>
            <method name="detail" signature="Illuminate\Contracts\Auth\Authenticatable $user, Illuminate\Database\Eloquent\Model $model" line-rate="1" branch-rate="0" complexity="1">
              <lines>
                <line number="52" hits="2"/>
              </lines>
            </method>
            <method name="edit" signature="Illuminate\Contracts\Auth\Authenticatable $user, Illuminate\Database\Eloquent\Model $model" line-rate="1" branch-rate="0" complexity="1">
              <lines>
                <line number="60" hits="2"/>
              </lines>
            </method>
            <method name="forceDelete" signature="Illuminate\Contracts\Auth\Authenticatable $user, Illuminate\Database\Eloquent\Model $model" line-rate="1" branch-rate="0" complexity="1">
              <lines>
                <line number="70" hits="2"/>
              </lines>
            </method>
            <method name="lock" signature="Illuminate\Contracts\Auth\Authenticatable $user, Illuminate\Database\Eloquent\Model $model" line-rate="1" branch-rate="0" complexity="1">
              <lines>
                <line number="78" hits="2"/>
              </lines>
            </method>
            <method name="manage" signature="Illuminate\Contracts\Auth\Authenticatable $user, Illuminate\Database\Eloquent\Model $model" line-rate="1" branch-rate="0" complexity="1">
              <lines>
                <line number="86" hits="2"/>
              </lines>
            </method>
            <method name="restore" signature="Illuminate\Contracts\Auth\Authenticatable $user, Illuminate\Database\Eloquent\Model $model" line-rate="1" branch-rate="0" complexity="1">
              <lines>
                <line number="94" hits="2"/>
              </lines>
            </method>
            <method name="store" signature="Illuminate\Contracts\Auth\Authenticatable $user" line-rate="1" branch-rate="0" complexity="1">
              <lines>
                <line number="102" hits="2"/>
              </lines>
            </method>
            <method name="update" signature="Illuminate\Contracts\Auth\Authenticatable $user, Illuminate\Database\Eloquent\Model $model" line-rate="1" branch-rate="0" complexity="2">
              <lines>
                <line number="112" hits="3"/>
                <line number="114" hits="1"/>
                <line number="115" hits="1"/>
                <line number="116" hits="1"/>
                <line number="119" hits="2"/>
              </lines>
            </method>
            <method name="unlock" signature="Illuminate\Contracts\Auth\Authenticatable $user, Illuminate\Database\Eloquent\Model $model" line-rate="1" branch-rate="0" complexity="1">
              <lines>
                <line number="127" hits="2"/>
              </lines>
            </method>
          </methods>
          <lines>
            <line number="22" hits="2"/>
            <line number="36" hits="3"/>
            <line number="38" hits="1"/>
            <line number="39" hits="1"/>
            <line number="40" hits="1"/>
            <line number="41" hits="1"/>
            <line number="44" hits="2"/>
            <line number="52" hits="2"/>
            <line number="60" hits="2"/>
            <line number="70" hits="2"/>
            <line number="78" hits="2"/>
            <line number="86" hits="2"/>
            <line number="94" hits="2"/>
            <line number="102" hits="2"/>
            <line number="112" hits="3"/>
            <line number="114" hits="1"/>
            <line number="115" hits="1"/>
            <line number="116" hits="1"/>
            <line number="119" hits="2"/>
            <line number="127" hits="2"/>
          </lines>
        </class>
      </classes>
    </package>
    <package name="vendor/gammamatrix/playground-auth/src/Policies/Policy.php" line-rate="1" branch-rate="0" complexity="7">
      <classes>
        <class name="Playground\Auth\Policies\Policy" filename="vendor/gammamatrix/playground-auth/src/Policies/Policy.php" line-rate="1" branch-rate="0" complexity="7">
          <methods>
            <method name="before" signature="Illuminate\Contracts\Auth\Authenticatable $user, $ability" line-rate="1" branch-rate="0" complexity="5">
              <lines>
                <line number="35" hits="2"/>
                <line number="36" hits="2"/>
                <line number="39" hits="2"/>
                <line number="40" hits="2"/>
                <line number="59" hits="2"/>
                <line number="60" hits="1"/>
                <line number="63" hits="1"/>
              </lines>
            </method>
            <method name="index" signature="Illuminate\Contracts\Auth\Authenticatable $user" line-rate="1" branch-rate="0" complexity="1">
              <lines>
                <line number="80" hits="2"/>
              </lines>
            </method>
            <method name="view" signature="Illuminate\Contracts\Auth\Authenticatable $user" line-rate="1" branch-rate="0" complexity="1">
              <lines>
                <line number="91" hits="3"/>
              </lines>
            </method>
          </methods>
          <lines>
            <line number="35" hits="2"/>
            <line number="36" hits="2"/>
            <line number="39" hits="2"/>
            <line number="40" hits="2"/>
            <line number="59" hits="2"/>
            <line number="60" hits="1"/>
            <line number="63" hits="1"/>
            <line number="80" hits="2"/>
            <line number="91" hits="3"/>
          </lines>
        </class>
      </classes>
    </package>
    <package name="vendor/gammamatrix/playground-auth/src/Policies/PolicyTrait.php" line-rate="1" branch-rate="0" complexity="9">
      <classes>
        <class name="Playground\Auth\Policies\PolicyTrait" filename="vendor/gammamatrix/playground-auth/src/Policies/PolicyTrait.php" line-rate="1" branch-rate="0" complexity="9">
          <methods>
            <method name="getEntity" signature="" line-rate="1" branch-rate="0" complexity="1">
              <lines>
                <line number="36" hits="7"/>
              </lines>
            </method>
            <method name="getPackage" signature="" line-rate="1" branch-rate="0" complexity="1">
              <lines>
                <line number="41" hits="7"/>
              </lines>
            </method>
            <method name="hasToken" signature="" line-rate="1" branch-rate="0" complexity="1">
              <lines>
                <line number="46" hits="1"/>
              </lines>
            </method>
            <method name="getToken" signature="" line-rate="1" branch-rate="0" complexity="1">
              <lines>
                <line number="51" hits="1"/>
              </lines>
            </method>
            <method name="setToken" signature="Laravel\Sanctum\PersonalAccessToken $token" line-rate="1" branch-rate="0" complexity="1">
              <lines>
                <line number="56" hits="1"/>
                <line number="58" hits="1"/>
              </lines>
            </method>
            <method name="verify" signature="Illuminate\Contracts\Auth\Authenticatable $user, string $ability" line-rate="1" branch-rate="0" complexity="4">
              <lines>
                <line number="63" hits="31"/>
                <line number="70" hits="31"/>
                <line number="71" hits="1"/>
                <line number="72" hits="30"/>
                <line number="73" hits="28"/>
                <line number="74" hits="2"/>
                <line number="76" hits="1"/>
                <line number="78" hits="1"/>
                <line number="79" hits="1"/>
                <line number="80" hits="1"/>
                <line number="81" hits="1"/>
                <line number="83" hits="1"/>
              </lines>
            </method>
          </methods>
          <lines>
            <line number="36" hits="7"/>
            <line number="41" hits="7"/>
            <line number="46" hits="1"/>
            <line number="51" hits="1"/>
            <line number="56" hits="1"/>
            <line number="58" hits="1"/>
            <line number="63" hits="31"/>
            <line number="70" hits="31"/>
            <line number="71" hits="1"/>
            <line number="72" hits="30"/>
            <line number="73" hits="28"/>
            <line number="74" hits="2"/>
            <line number="76" hits="1"/>
            <line number="78" hits="1"/>
            <line number="79" hits="1"/>
            <line number="80" hits="1"/>
            <line number="81" hits="1"/>
            <line number="83" hits="1"/>
          </lines>
        </class>
      </classes>
    </package>
    <package name="vendor/gammamatrix/playground-auth/src/Policies/PrivilegeTrait.php" line-rate="0.43137254901961" branch-rate="0" complexity="27">
      <classes>
        <class name="Playground\Auth\Policies\PrivilegeTrait" filename="vendor/gammamatrix/playground-auth/src/Policies/PrivilegeTrait.php" line-rate="0.43137254901961" branch-rate="0" complexity="27">
          <methods>
            <method name="privilege" signature="string $ability" line-rate="1" branch-rate="0" complexity="6">
              <lines>
                <line number="29" hits="6"/>
                <line number="30" hits="6"/>
                <line number="31" hits="3"/>
                <line number="34" hits="6"/>
                <line number="35" hits="3"/>
                <line number="36" hits="3"/>
                <line number="38" hits="3"/>
                <line number="41" hits="6"/>
                <line number="42" hits="6"/>
                <line number="43" hits="3"/>
                <line number="45" hits="6"/>
                <line number="48" hits="6"/>
              </lines>
            </method>
            <method name="hasPrivilegeWildcard" signature="string $privilege" line-rate="0" branch-rate="0" complexity="4">
              <lines>
                <line number="53" hits="0"/>
                <line number="54" hits="0"/>
                <line number="55" hits="0"/>
                <line number="56" hits="0"/>
                <line number="58" hits="0"/>
                <line number="59" hits="0"/>
                <line number="60" hits="0"/>
                <line number="64" hits="0"/>
              </lines>
            </method>
            <method name="hasPrivilege" signature="Illuminate\Contracts\Auth\Authenticatable $user, string $privilege" line-rate="0.76923076923077" branch-rate="0" complexity="10">
              <lines>
                <line number="69" hits="5"/>
                <line number="70" hits="1"/>
                <line number="73" hits="4"/>
                <line number="75" hits="0"/>
                <line number="76" hits="0"/>
                <line number="78" hits="0"/>
                <line number="82" hits="4"/>
                <line number="83" hits="1"/>
                <line number="86" hits="3"/>
                <line number="87" hits="1"/>
                <line number="88" hits="1"/>
                <line number="89" hits="1"/>
                <line number="93" hits="2"/>
              </lines>
            </method>
            <method name="hasPrivilegeSanctum" signature="Laravel\Sanctum\Contracts\HasApiTokens $user, string $privilege" line-rate="0" branch-rate="0" complexity="7">
              <lines>
                <line number="98" hits="0"/>
                <line number="99" hits="0"/>
                <line number="102" hits="0"/>
                <line number="106" hits="0"/>
                <line number="107" hits="0"/>
                <line number="108" hits="0"/>
                <line number="109" hits="0"/>
                <line number="110" hits="0"/>
                <line number="112" hits="0"/>
                <line number="113" hits="0"/>
                <line number="114" hits="0"/>
                <line number="116" hits="0"/>
                <line number="120" hits="0"/>
                <line number="121" hits="0"/>
                <line number="124" hits="0"/>
                <line number="126" hits="0"/>
                <line number="127" hits="0"/>
                <line number="137" hits="0"/>
              </lines>
            </method>
          </methods>
          <lines>
            <line number="29" hits="6"/>
            <line number="30" hits="6"/>
            <line number="31" hits="3"/>
            <line number="34" hits="6"/>
            <line number="35" hits="3"/>
            <line number="36" hits="3"/>
            <line number="38" hits="3"/>
            <line number="41" hits="6"/>
            <line number="42" hits="6"/>
            <line number="43" hits="3"/>
            <line number="45" hits="6"/>
            <line number="48" hits="6"/>
            <line number="53" hits="0"/>
            <line number="54" hits="0"/>
            <line number="55" hits="0"/>
            <line number="56" hits="0"/>
            <line number="58" hits="0"/>
            <line number="59" hits="0"/>
            <line number="60" hits="0"/>
            <line number="64" hits="0"/>
            <line number="69" hits="5"/>
            <line number="70" hits="1"/>
            <line number="73" hits="4"/>
            <line number="75" hits="0"/>
            <line number="76" hits="0"/>
            <line number="78" hits="0"/>
            <line number="82" hits="4"/>
            <line number="83" hits="1"/>
            <line number="86" hits="3"/>
            <line number="87" hits="1"/>
            <line number="88" hits="1"/>
            <line number="89" hits="1"/>
            <line number="93" hits="2"/>
            <line number="98" hits="0"/>
            <line number="99" hits="0"/>
            <line number="102" hits="0"/>
            <line number="106" hits="0"/>
            <line number="107" hits="0"/>
            <line number="108" hits="0"/>
            <line number="109" hits="0"/>
            <line number="110" hits="0"/>
            <line number="112" hits="0"/>
            <line number="113" hits="0"/>
            <line number="114" hits="0"/>
            <line number="116" hits="0"/>
            <line number="120" hits="0"/>
            <line number="121" hits="0"/>
            <line number="124" hits="0"/>
            <line number="126" hits="0"/>
            <line number="127" hits="0"/>
            <line number="137" hits="0"/>
          </lines>
        </class>
      </classes>
    </package>
    <package name="vendor/gammamatrix/playground-auth/src/Policies/RoleTrait.php" line-rate="1" branch-rate="0" complexity="23">
      <classes>
        <class name="Playground\Auth\Policies\RoleTrait" filename="vendor/gammamatrix/playground-auth/src/Policies/RoleTrait.php" line-rate="1" branch-rate="0" complexity="23">
          <methods>
            <method name="getRolesForAdmin" signature="" line-rate="1" branch-rate="0" complexity="1">
              <lines>
                <line number="49" hits="12"/>
              </lines>
            </method>
            <method name="getRolesForAction" signature="" line-rate="1" branch-rate="0" complexity="1">
              <lines>
                <line number="59" hits="12"/>
              </lines>
            </method>
            <method name="isRoot" signature="Illuminate\Contracts\Auth\Authenticatable $user" line-rate="1" branch-rate="0" complexity="2">
              <lines>
                <line number="64" hits="2"/>
                <line number="66" hits="2"/>
                <line number="67" hits="2"/>
                <line number="70" hits="2"/>
              </lines>
            </method>
            <method name="getRolesToView" signature="" line-rate="1" branch-rate="0" complexity="1">
              <lines>
                <line number="80" hits="9"/>
              </lines>
            </method>
            <method name="hasRole" signature="Illuminate\Contracts\Auth\Authenticatable $user, string $ability" line-rate="1" branch-rate="0" complexity="18">
              <lines>
                <line number="85" hits="30"/>
                <line number="86" hits="30"/>
                <line number="87" hits="30"/>
                <line number="88" hits="30"/>
                <line number="89" hits="30"/>
                <line number="90" hits="30"/>
                <line number="91" hits="30"/>
                <line number="92" hits="8"/>
                <line number="93" hits="22"/>
                <line number="94" hits="22"/>
                <line number="95" hits="22"/>
                <line number="96" hits="22"/>
                <line number="97" hits="22"/>
                <line number="98" hits="22"/>
                <line number="99" hits="22"/>
                <line number="100" hits="11"/>
                <line number="101" hits="11"/>
                <line number="102" hits="11"/>
                <line number="103" hits="11"/>
                <line number="104" hits="11"/>
                <line number="105" hits="11"/>
                <line number="106" hits="11"/>
                <line number="107" hits="11"/>
                <line number="108" hits="10"/>
                <line number="110" hits="1"/>
                <line number="115" hits="30"/>
                <line number="117" hits="22"/>
                <line number="118" hits="22"/>
                <line number="119" hits="11"/>
                <line number="124" hits="19"/>
                <line number="126" hits="5"/>
                <line number="127" hits="5"/>
                <line number="128" hits="2"/>
                <line number="133" hits="17"/>
                <line number="134" hits="14"/>
                <line number="135" hits="14"/>
                <line number="136" hits="14"/>
                <line number="138" hits="1"/>
                <line number="139" hits="1"/>
                <line number="140" hits="1"/>
                <line number="156" hits="16"/>
              </lines>
            </method>
          </methods>
          <lines>
            <line number="49" hits="12"/>
            <line number="59" hits="12"/>
            <line number="64" hits="2"/>
            <line number="66" hits="2"/>
            <line number="67" hits="2"/>
            <line number="70" hits="2"/>
            <line number="80" hits="9"/>
            <line number="85" hits="30"/>
            <line number="86" hits="30"/>
            <line number="87" hits="30"/>
            <line number="88" hits="30"/>
            <line number="89" hits="30"/>
            <line number="90" hits="30"/>
            <line number="91" hits="30"/>
            <line number="92" hits="8"/>
            <line number="93" hits="22"/>
            <line number="94" hits="22"/>
            <line number="95" hits="22"/>
            <line number="96" hits="22"/>
            <line number="97" hits="22"/>
            <line number="98" hits="22"/>
            <line number="99" hits="22"/>
            <line number="100" hits="11"/>
            <line number="101" hits="11"/>
            <line number="102" hits="11"/>
            <line number="103" hits="11"/>
            <line number="104" hits="11"/>
            <line number="105" hits="11"/>
            <line number="106" hits="11"/>
            <line number="107" hits="11"/>
            <line number="108" hits="10"/>
            <line number="110" hits="1"/>
            <line number="115" hits="30"/>
            <line number="117" hits="22"/>
            <line number="118" hits="22"/>
            <line number="119" hits="11"/>
            <line number="124" hits="19"/>
            <line number="126" hits="5"/>
            <line number="127" hits="5"/>
            <line number="128" hits="2"/>
            <line number="133" hits="17"/>
            <line number="134" hits="14"/>
            <line number="135" hits="14"/>
            <line number="136" hits="14"/>
            <line number="138" hits="1"/>
            <line number="139" hits="1"/>
            <line number="140" hits="1"/>
            <line number="156" hits="16"/>
          </lines>
        </class>
      </classes>
    </package>
    <package name="vendor/gammamatrix/playground-auth/src/ServiceProvider.php" line-rate="0.9390243902439" branch-rate="0" complexity="52">
      <classes>
        <class name="Playground\Auth\ServiceProvider" filename="vendor/gammamatrix/playground-auth/src/ServiceProvider.php" line-rate="0.9390243902439" branch-rate="0" complexity="52">
          <methods>
            <method name="boot" signature="" line-rate="1" branch-rate="0" complexity="6">
              <lines>
                <line number="30" hits="93"/>
                <line number="32" hits="93"/>
                <line number="34" hits="93"/>
                <line number="35" hits="93"/>
                <line number="36" hits="93"/>
                <line number="37" hits="93"/>
                <line number="38" hits="93"/>
                <line number="41" hits="93"/>
                <line number="42" hits="93"/>
                <line number="43" hits="93"/>
                <line number="44" hits="93"/>
                <line number="45" hits="93"/>
                <line number="49" hits="93"/>
                <line number="50" hits="93"/>
                <line number="51" hits="93"/>
                <line number="55" hits="93"/>
              </lines>
            </method>
            <method name="register" signature="" line-rate="1" branch-rate="0" complexity="1">
              <lines>
                <line number="63" hits="93"/>
                <line number="64" hits="93"/>
                <line number="65" hits="93"/>
                <line number="66" hits="93"/>
              </lines>
            </method>
            <method name="about" signature="" line-rate="0.91803278688525" branch-rate="0" complexity="44">
              <lines>
                <line number="71" hits="93"/>
                <line number="72" hits="93"/>
                <line number="74" hits="93"/>
                <line number="75" hits="93"/>
                <line number="77" hits="93"/>
                <line number="78" hits="93"/>
                <line number="79" hits="0"/>
                <line number="82" hits="93"/>
                <line number="83" hits="93"/>
                <line number="84" hits="0"/>
                <line number="87" hits="93"/>
                <line number="88" hits="93"/>
                <line number="89" hits="93"/>
                <line number="90" hits="93"/>
                <line number="91" hits="93"/>
                <line number="92" hits="93"/>
                <line number="93" hits="93"/>
                <line number="94" hits="93"/>
                <line number="95" hits="93"/>
                <line number="96" hits="93"/>
                <line number="98" hits="93"/>
                <line number="100" hits="93"/>
                <line number="101" hits="93"/>
                <line number="102" hits="93"/>
                <line number="103" hits="93"/>
                <line number="107" hits="93"/>
                <line number="108" hits="93"/>
                <line number="109" hits="93"/>
                <line number="110" hits="0"/>
                <line number="114" hits="93"/>
                <line number="115" hits="93"/>
                <line number="116" hits="93"/>
                <line number="117" hits="0"/>
                <line number="121" hits="93"/>
                <line number="122" hits="93"/>
                <line number="123" hits="93"/>
                <line number="124" hits="0"/>
                <line number="128" hits="93"/>
                <line number="129" hits="93"/>
                <line number="130" hits="93"/>
                <line number="131" hits="93"/>
                <line number="136" hits="93"/>
                <line number="138" hits="93"/>
                <line number="139" hits="93"/>
                <line number="140" hits="93"/>
                <line number="142" hits="93"/>
                <line number="143" hits="93"/>
                <line number="144" hits="93"/>
                <line number="145" hits="93"/>
                <line number="146" hits="93"/>
                <line number="147" hits="93"/>
                <line number="148" hits="93"/>
                <line number="149" hits="93"/>
                <line number="151" hits="93"/>
                <line number="152" hits="93"/>
                <line number="153" hits="93"/>
                <line number="154" hits="93"/>
                <line number="155" hits="93"/>
                <line number="157" hits="93"/>
                <line number="158" hits="93"/>
                <line number="159" hits="93"/>
              </lines>
            </method>
            <method name="version" signature="" line-rate="1" branch-rate="0" complexity="1">
              <lines>
                <line number="164" hits="93"/>
              </lines>
            </method>
          </methods>
          <lines>
            <line number="30" hits="93"/>
            <line number="32" hits="93"/>
            <line number="34" hits="93"/>
            <line number="35" hits="93"/>
            <line number="36" hits="93"/>
            <line number="37" hits="93"/>
            <line number="38" hits="93"/>
            <line number="41" hits="93"/>
            <line number="42" hits="93"/>
            <line number="43" hits="93"/>
            <line number="44" hits="93"/>
            <line number="45" hits="93"/>
            <line number="49" hits="93"/>
            <line number="50" hits="93"/>
            <line number="51" hits="93"/>
            <line number="55" hits="93"/>
            <line number="63" hits="93"/>
            <line number="64" hits="93"/>
            <line number="65" hits="93"/>
            <line number="66" hits="93"/>
            <line number="71" hits="93"/>
            <line number="72" hits="93"/>
            <line number="74" hits="93"/>
            <line number="75" hits="93"/>
            <line number="77" hits="93"/>
            <line number="78" hits="93"/>
            <line number="79" hits="0"/>
            <line number="82" hits="93"/>
            <line number="83" hits="93"/>
            <line number="84" hits="0"/>
            <line number="87" hits="93"/>
            <line number="88" hits="93"/>
            <line number="89" hits="93"/>
            <line number="90" hits="93"/>
            <line number="91" hits="93"/>
            <line number="92" hits="93"/>
            <line number="93" hits="93"/>
            <line number="94" hits="93"/>
            <line number="95" hits="93"/>
            <line number="96" hits="93"/>
            <line number="98" hits="93"/>
            <line number="100" hits="93"/>
            <line number="101" hits="93"/>
            <line number="102" hits="93"/>
            <line number="103" hits="93"/>
            <line number="107" hits="93"/>
            <line number="108" hits="93"/>
            <line number="109" hits="93"/>
            <line number="110" hits="0"/>
            <line number="114" hits="93"/>
            <line number="115" hits="93"/>
            <line number="116" hits="93"/>
            <line number="117" hits="0"/>
            <line number="121" hits="93"/>
            <line number="122" hits="93"/>
            <line number="123" hits="93"/>
            <line number="124" hits="0"/>
            <line number="128" hits="93"/>
            <line number="129" hits="93"/>
            <line number="130" hits="93"/>
            <line number="131" hits="93"/>
            <line number="136" hits="93"/>
            <line number="138" hits="93"/>
            <line number="139" hits="93"/>
            <line number="140" hits="93"/>
            <line number="142" hits="93"/>
            <line number="143" hits="93"/>
            <line number="144" hits="93"/>
            <line number="145" hits="93"/>
            <line number="146" hits="93"/>
            <line number="147" hits="93"/>
            <line number="148" hits="93"/>
            <line number="149" hits="93"/>
            <line number="151" hits="93"/>
            <line number="152" hits="93"/>
            <line number="153" hits="93"/>
            <line number="154" hits="93"/>
            <line number="155" hits="93"/>
            <line number="157" hits="93"/>
            <line number="158" hits="93"/>
            <line number="159" hits="93"/>
            <line number="164" hits="93"/>
          </lines>
        </class>
      </classes>
    </package>
    <package name="vendor/gammamatrix/playground-blade/src/ServiceProvider.php" line-rate="1" branch-rate="0" complexity="16">
      <classes>
        <class name="Playground\Blade\ServiceProvider" filename="vendor/gammamatrix/playground-blade/src/ServiceProvider.php" line-rate="1" branch-rate="0" complexity="16">
          <methods>
            <method name="boot" signature="" line-rate="1" branch-rate="0" complexity="3">
              <lines>
                <line number="23" hits="109"/>
                <line number="24" hits="109"/>
                <line number="26" hits="109"/>
                <line number="27" hits="109"/>
                <line number="28" hits="109"/>
                <line number="29" hits="109"/>
                <line number="31" hits="109"/>
                <line number="33" hits="109"/>
                <line number="35" hits="109"/>
                <line number="36" hits="109"/>
                <line number="37" hits="109"/>
                <line number="40" hits="109"/>
                <line number="41" hits="109"/>
                <line number="42" hits="109"/>
                <line number="45" hits="109"/>
                <line number="46" hits="109"/>
                <line number="47" hits="109"/>
                <line number="50" hits="109"/>
              </lines>
            </method>
            <method name="about" signature="" line-rate="1" branch-rate="0" complexity="11">
              <lines>
                <line number="56" hits="109"/>
                <line number="57" hits="109"/>
                <line number="59" hits="109"/>
                <line number="61" hits="109"/>
                <line number="62" hits="109"/>
                <line number="63" hits="109"/>
                <line number="65" hits="109"/>
                <line number="67" hits="109"/>
                <line number="68" hits="109"/>
                <line number="70" hits="109"/>
                <line number="71" hits="109"/>
                <line number="73" hits="109"/>
                <line number="74" hits="109"/>
                <line number="76" hits="109"/>
                <line number="77" hits="109"/>
                <line number="78" hits="109"/>
              </lines>
            </method>
            <method name="register" signature="" line-rate="1" branch-rate="0" complexity="1">
              <lines>
                <line number="83" hits="109"/>
                <line number="84" hits="109"/>
                <line number="85" hits="109"/>
                <line number="86" hits="109"/>
              </lines>
            </method>
            <method name="version" signature="" line-rate="1" branch-rate="0" complexity="1">
              <lines>
                <line number="91" hits="109"/>
              </lines>
            </method>
          </methods>
          <lines>
            <line number="23" hits="109"/>
            <line number="24" hits="109"/>
            <line number="26" hits="109"/>
            <line number="27" hits="109"/>
            <line number="28" hits="109"/>
            <line number="29" hits="109"/>
            <line number="31" hits="109"/>
            <line number="33" hits="109"/>
            <line number="35" hits="109"/>
            <line number="36" hits="109"/>
            <line number="37" hits="109"/>
            <line number="40" hits="109"/>
            <line number="41" hits="109"/>
            <line number="42" hits="109"/>
            <line number="45" hits="109"/>
            <line number="46" hits="109"/>
            <line number="47" hits="109"/>
            <line number="50" hits="109"/>
            <line number="56" hits="109"/>
            <line number="57" hits="109"/>
            <line number="59" hits="109"/>
            <line number="61" hits="109"/>
            <line number="62" hits="109"/>
            <line number="63" hits="109"/>
            <line number="65" hits="109"/>
            <line number="67" hits="109"/>
            <line number="68" hits="109"/>
            <line number="70" hits="109"/>
            <line number="71" hits="109"/>
            <line number="73" hits="109"/>
            <line number="74" hits="109"/>
            <line number="76" hits="109"/>
            <line number="77" hits="109"/>
            <line number="78" hits="109"/>
            <line number="83" hits="109"/>
            <line number="84" hits="109"/>
            <line number="85" hits="109"/>
            <line number="86" hits="109"/>
            <line number="91" hits="109"/>
          </lines>
        </class>
      </classes>
    </package>
    <package name="vendor/gammamatrix/playground-blade/src/View/Components/Forms/Column.php" line-rate="1" branch-rate="0" complexity="3">
      <classes>
        <class name="Playground\Blade\View\Components\Forms\Column" filename="vendor/gammamatrix/playground-blade/src/View/Components/Forms/Column.php" line-rate="1" branch-rate="0" complexity="3">
          <methods>
            <method name="__construct" signature="bool $advanced, ?bool $autocomplete, string $class, string $column, string $default, string $described, ?bool $disabled, string $errorMessage, string $label, string $pattern, bool|string $placeholder, ?bool $readonly, array $rules, ?int $step, string $type, bool $withoutMargin" line-rate="1" branch-rate="0" complexity="1">
              <lines>
                <line number="44" hits="5"/>
              </lines>
            </method>
            <method name="render" signature="" line-rate="1" branch-rate="0" complexity="2">
              <lines>
                <line number="48" hits="5"/>
                <line number="50" hits="5"/>
                <line number="51" hits="5"/>
                <line number="52" hits="5"/>
                <line number="53" hits="5"/>
              </lines>
            </method>
          </methods>
          <lines>
            <line number="44" hits="5"/>
            <line number="48" hits="5"/>
            <line number="50" hits="5"/>
            <line number="51" hits="5"/>
            <line number="52" hits="5"/>
            <line number="53" hits="5"/>
          </lines>
        </class>
      </classes>
    </package>
    <package name="vendor/gammamatrix/playground-blade/src/View/Components/Forms/ColumnEditor.php" line-rate="1" branch-rate="0" complexity="3">
      <classes>
        <class name="Playground\Blade\View\Components\Forms\ColumnEditor" filename="vendor/gammamatrix/playground-blade/src/View/Components/Forms/ColumnEditor.php" line-rate="1" branch-rate="0" complexity="3">
          <methods>
            <method name="__construct" signature="bool $advanced, string $class, string $column, string $errorMessage, string $label, array $rules, bool $withoutMargin, string $described, ?bool $disabled, ?bool $readonly" line-rate="1" branch-rate="0" complexity="1">
              <lines>
                <line number="36" hits="4"/>
              </lines>
            </method>
            <method name="render" signature="" line-rate="1" branch-rate="0" complexity="2">
              <lines>
                <line number="40" hits="4"/>
                <line number="42" hits="4"/>
                <line number="43" hits="4"/>
                <line number="44" hits="4"/>
                <line number="45" hits="4"/>
              </lines>
            </method>
          </methods>
          <lines>
            <line number="36" hits="4"/>
            <line number="40" hits="4"/>
            <line number="42" hits="4"/>
            <line number="43" hits="4"/>
            <line number="44" hits="4"/>
            <line number="45" hits="4"/>
          </lines>
        </class>
      </classes>
    </package>
    <package name="vendor/gammamatrix/playground-blade/src/View/Components/Forms/ColumnSelect.php" line-rate="1" branch-rate="0" complexity="3">
      <classes>
        <class name="Playground\Blade\View\Components\Forms\ColumnSelect" filename="vendor/gammamatrix/playground-blade/src/View/Components/Forms/ColumnSelect.php" line-rate="1" branch-rate="0" complexity="3">
          <methods>
            <method name="__construct" signature="bool $advanced, ?bool $autocomplete, string $class, string $column, bool $default, string $described, ?bool $disabled, string $errorMessage, string $id, string $key, string $label, string $pattern, bool|string $placeholder, array $records, array $rules, string $step, ?bool $readonly, string $type, bool $withoutMargin" line-rate="1" branch-rate="0" complexity="1">
              <lines>
                <line number="47" hits="3"/>
              </lines>
            </method>
            <method name="render" signature="" line-rate="1" branch-rate="0" complexity="2">
              <lines>
                <line number="51" hits="3"/>
                <line number="53" hits="3"/>
                <line number="54" hits="3"/>
                <line number="55" hits="3"/>
                <line number="56" hits="3"/>
              </lines>
            </method>
          </methods>
          <lines>
            <line number="47" hits="3"/>
            <line number="51" hits="3"/>
            <line number="53" hits="3"/>
            <line number="54" hits="3"/>
            <line number="55" hits="3"/>
            <line number="56" hits="3"/>
          </lines>
        </class>
      </classes>
    </package>
    <package name="vendor/gammamatrix/playground-blade/src/View/Components/ModelFlag.php" line-rate="1" branch-rate="0" complexity="3">
      <classes>
        <class name="Playground\Blade\View\Components\ModelFlag" filename="vendor/gammamatrix/playground-blade/src/View/Components/ModelFlag.php" line-rate="1" branch-rate="0" complexity="3">
          <methods>
            <method name="__construct" signature="array $columnMeta, mixed $value" line-rate="1" branch-rate="0" complexity="1">
              <lines>
                <line number="23" hits="5"/>
              </lines>
            </method>
            <method name="render" signature="" line-rate="1" branch-rate="0" complexity="2">
              <lines>
                <line number="27" hits="5"/>
                <line number="29" hits="5"/>
                <line number="30" hits="5"/>
                <line number="31" hits="5"/>
                <line number="32" hits="5"/>
              </lines>
            </method>
          </methods>
          <lines>
            <line number="23" hits="5"/>
            <line number="27" hits="5"/>
            <line number="29" hits="5"/>
            <line number="30" hits="5"/>
            <line number="31" hits="5"/>
            <line number="32" hits="5"/>
          </lines>
        </class>
      </classes>
    </package>
    <package name="vendor/gammamatrix/playground-blade/src/View/Components/Table/Data.php" line-rate="1" branch-rate="0" complexity="3">
      <classes>
        <class name="Playground\Blade\View\Components\Table\Data" filename="vendor/gammamatrix/playground-blade/src/View/Components/Table/Data.php" line-rate="1" branch-rate="0" complexity="3">
          <methods>
            <method name="__construct" signature="string $id, string $icon, string $badge, bool $showPagination, bool $showLinks, bool $modelActions, bool $trashable, string $privilege, string $routeParameter, string $routeParameterKey, string $routeEdit, string $routeRestore, string $routeDelete, string $routeDeleteRelationship, string $routeDeleteRelationshipId, bool $collapsible, string $returnUrl, array $columns, array $filters, array $validated, array $meta, array $sort, array $page_options, int $sorts, array $styling, string $class, ?Illuminate\Pagination\LengthAwarePaginator $paginator" line-rate="1" branch-rate="0" complexity="1">
              <lines>
                <line number="85" hits="2"/>
              </lines>
            </method>
            <method name="render" signature="" line-rate="1" branch-rate="0" complexity="2">
              <lines>
                <line number="89" hits="2"/>
                <line number="91" hits="2"/>
                <line number="92" hits="2"/>
                <line number="93" hits="2"/>
                <line number="94" hits="2"/>
              </lines>
            </method>
          </methods>
          <lines>
            <line number="85" hits="2"/>
            <line number="89" hits="2"/>
            <line number="91" hits="2"/>
            <line number="92" hits="2"/>
            <line number="93" hits="2"/>
            <line number="94" hits="2"/>
          </lines>
        </class>
      </classes>
    </package>
    <package name="vendor/gammamatrix/playground-login-blade/src/Http/Controllers/AuthenticatedSessionController.php" line-rate="1" branch-rate="0" complexity="22">
      <classes>
        <class name="Playground\Login\Blade\Http\Controllers\AuthenticatedSessionController" filename="vendor/gammamatrix/playground-login-blade/src/Http/Controllers/AuthenticatedSessionController.php" line-rate="1" branch-rate="0" complexity="22">
          <methods>
            <method name="create" signature="" line-rate="1" branch-rate="0" complexity="1">
              <lines>
                <line number="31" hits="1"/>
                <line number="33" hits="1"/>
                <line number="34" hits="1"/>
                <line number="35" hits="1"/>
                <line number="36" hits="1"/>
                <line number="37" hits="1"/>
                <line number="38" hits="1"/>
                <line number="39" hits="1"/>
                <line number="40" hits="1"/>
              </lines>
            </method>
            <method name="store" signature="Playground\Login\Blade\Http\Requests\LoginRequest $request" line-rate="1" branch-rate="0" complexity="10">
              <lines>
                <line number="50" hits="6"/>
                <line number="52" hits="4"/>
                <line number="54" hits="4"/>
                <line number="55" hits="4"/>
                <line number="56" hits="4"/>
                <line number="57" hits="4"/>
                <line number="59" hits="4"/>
                <line number="64" hits="4"/>
                <line number="66" hits="4"/>
                <line number="67" hits="4"/>
                <line number="68" hits="4"/>
                <line number="70" hits="4"/>
                <line number="73" hits="4"/>
                <line number="77" hits="1"/>
                <line number="78" hits="1"/>
                <line number="79" hits="1"/>
                <line number="81" hits="1"/>
                <line number="82" hits="1"/>
                <line number="83" hits="1"/>
                <line number="85" hits="1"/>
                <line number="86" hits="1"/>
                <line number="87" hits="1"/>
                <line number="88" hits="1"/>
                <line number="93" hits="4"/>
                <line number="94" hits="4"/>
                <line number="97" hits="4"/>
                <line number="98" hits="1"/>
                <line number="101" hits="3"/>
              </lines>
            </method>
            <method name="destroy" signature="Illuminate\Http\Request $request" line-rate="1" branch-rate="0" complexity="10">
              <lines>
                <line number="112" hits="8"/>
                <line number="114" hits="8"/>
                <line number="118" hits="4"/>
                <line number="120" hits="4"/>
                <line number="121" hits="4"/>
                <line number="122" hits="2"/>
                <line number="127" hits="2"/>
                <line number="129" hits="2"/>
                <line number="130" hits="2"/>
                <line number="134" hits="1"/>
                <line number="137" hits="2"/>
                <line number="138" hits="1"/>
                <line number="144" hits="8"/>
                <line number="146" hits="8"/>
                <line number="148" hits="8"/>
                <line number="150" hits="8"/>
                <line number="151" hits="4"/>
                <line number="152" hits="4"/>
                <line number="153" hits="4"/>
                <line number="154" hits="4"/>
                <line number="157" hits="4"/>
              </lines>
            </method>
            <method name="token" signature="Illuminate\Http\Request $request" line-rate="1" branch-rate="0" complexity="1">
              <lines>
                <line number="167" hits="1"/>
                <line number="168" hits="1"/>
                <line number="169" hits="1"/>
                <line number="170" hits="1"/>
                <line number="171" hits="1"/>
              </lines>
            </method>
          </methods>
          <lines>
            <line number="31" hits="1"/>
            <line number="33" hits="1"/>
            <line number="34" hits="1"/>
            <line number="35" hits="1"/>
            <line number="36" hits="1"/>
            <line number="37" hits="1"/>
            <line number="38" hits="1"/>
            <line number="39" hits="1"/>
            <line number="40" hits="1"/>
            <line number="50" hits="6"/>
            <line number="52" hits="4"/>
            <line number="54" hits="4"/>
            <line number="55" hits="4"/>
            <line number="56" hits="4"/>
            <line number="57" hits="4"/>
            <line number="59" hits="4"/>
            <line number="64" hits="4"/>
            <line number="66" hits="4"/>
            <line number="67" hits="4"/>
            <line number="68" hits="4"/>
            <line number="70" hits="4"/>
            <line number="73" hits="4"/>
            <line number="77" hits="1"/>
            <line number="78" hits="1"/>
            <line number="79" hits="1"/>
            <line number="81" hits="1"/>
            <line number="82" hits="1"/>
            <line number="83" hits="1"/>
            <line number="85" hits="1"/>
            <line number="86" hits="1"/>
            <line number="87" hits="1"/>
            <line number="88" hits="1"/>
            <line number="93" hits="4"/>
            <line number="94" hits="4"/>
            <line number="97" hits="4"/>
            <line number="98" hits="1"/>
            <line number="101" hits="3"/>
            <line number="112" hits="8"/>
            <line number="114" hits="8"/>
            <line number="118" hits="4"/>
            <line number="120" hits="4"/>
            <line number="121" hits="4"/>
            <line number="122" hits="2"/>
            <line number="127" hits="2"/>
            <line number="129" hits="2"/>
            <line number="130" hits="2"/>
            <line number="134" hits="1"/>
            <line number="137" hits="2"/>
            <line number="138" hits="1"/>
            <line number="144" hits="8"/>
            <line number="146" hits="8"/>
            <line number="148" hits="8"/>
            <line number="150" hits="8"/>
            <line number="151" hits="4"/>
            <line number="152" hits="4"/>
            <line number="153" hits="4"/>
            <line number="154" hits="4"/>
            <line number="157" hits="4"/>
            <line number="167" hits="1"/>
            <line number="168" hits="1"/>
            <line number="169" hits="1"/>
            <line number="170" hits="1"/>
            <line number="171" hits="1"/>
          </lines>
        </class>
      </classes>
    </package>
    <package name="vendor/gammamatrix/playground-login-blade/src/Http/Controllers/ConfirmablePasswordController.php" line-rate="1" branch-rate="0" complexity="3">
      <classes>
        <class name="Playground\Login\Blade\Http\Controllers\ConfirmablePasswordController" filename="vendor/gammamatrix/playground-login-blade/src/Http/Controllers/ConfirmablePasswordController.php" line-rate="1" branch-rate="0" complexity="3">
          <methods>
            <method name="show" signature="" line-rate="1" branch-rate="0" complexity="1">
              <lines>
                <line number="26" hits="1"/>
                <line number="28" hits="1"/>
                <line number="29" hits="1"/>
                <line number="30" hits="1"/>
                <line number="31" hits="1"/>
                <line number="32" hits="1"/>
                <line number="33" hits="1"/>
              </lines>
            </method>
            <method name="store" signature="Illuminate\Http\Request $request" line-rate="1" branch-rate="0" complexity="2">
              <lines>
                <line number="43" hits="2"/>
                <line number="44" hits="2"/>
                <line number="45" hits="2"/>
                <line number="46" hits="2"/>
                <line number="47" hits="1"/>
                <line number="48" hits="1"/>
                <line number="49" hits="1"/>
                <line number="52" hits="1"/>
                <line number="54" hits="1"/>
              </lines>
            </method>
          </methods>
          <lines>
            <line number="26" hits="1"/>
            <line number="28" hits="1"/>
            <line number="29" hits="1"/>
            <line number="30" hits="1"/>
            <line number="31" hits="1"/>
            <line number="32" hits="1"/>
            <line number="33" hits="1"/>
            <line number="43" hits="2"/>
            <line number="44" hits="2"/>
            <line number="45" hits="2"/>
            <line number="46" hits="2"/>
            <line number="47" hits="1"/>
            <line number="48" hits="1"/>
            <line number="49" hits="1"/>
            <line number="52" hits="1"/>
            <line number="54" hits="1"/>
          </lines>
        </class>
      </classes>
    </package>
    <package name="vendor/gammamatrix/playground-login-blade/src/Http/Controllers/Controller.php" line-rate="1" branch-rate="0" complexity="7">
      <classes>
        <class name="Playground\Login\Blade\Http\Controllers\Controller" filename="vendor/gammamatrix/playground-login-blade/src/Http/Controllers/Controller.php" line-rate="1" branch-rate="0" complexity="7">
          <methods>
            <method name="getRedirectUrl" signature="" line-rate="1" branch-rate="0" complexity="2">
              <lines>
                <line number="26" hits="9"/>
                <line number="28" hits="9"/>
              </lines>
            </method>
            <method name="getPackageViewPathFromConfig" signature="mixed $config, string $view" line-rate="1" branch-rate="0" complexity="5">
              <lines>
                <line number="33" hits="6"/>
                <line number="34" hits="6"/>
                <line number="35" hits="6"/>
                <line number="36" hits="6"/>
                <line number="37" hits="6"/>
                <line number="39" hits="6"/>
                <line number="42" hits="6"/>
              </lines>
            </method>
          </methods>
          <lines>
            <line number="26" hits="9"/>
            <line number="28" hits="9"/>
            <line number="33" hits="6"/>
            <line number="34" hits="6"/>
            <line number="35" hits="6"/>
            <line number="36" hits="6"/>
            <line number="37" hits="6"/>
            <line number="39" hits="6"/>
            <line number="42" hits="6"/>
          </lines>
        </class>
      </classes>
    </package>
    <package name="vendor/gammamatrix/playground-login-blade/src/Http/Controllers/EmailVerificationController.php" line-rate="1" branch-rate="0" complexity="7">
      <classes>
        <class name="Playground\Login\Blade\Http\Controllers\EmailVerificationController" filename="vendor/gammamatrix/playground-login-blade/src/Http/Controllers/EmailVerificationController.php" line-rate="1" branch-rate="0" complexity="7">
          <methods>
            <method name="show" signature="Illuminate\Http\Request $request" line-rate="1" branch-rate="0" complexity="2">
              <lines>
                <line number="30" hits="2"/>
                <line number="32" hits="2"/>
                <line number="33" hits="1"/>
                <line number="36" hits="1"/>
                <line number="38" hits="1"/>
                <line number="39" hits="1"/>
                <line number="40" hits="1"/>
                <line number="41" hits="1"/>
                <line number="42" hits="1"/>
                <line number="43" hits="1"/>
              </lines>
            </method>
            <method name="send" signature="Illuminate\Http\Request $request" line-rate="1" branch-rate="0" complexity="2">
              <lines>
                <line number="56" hits="2"/>
                <line number="58" hits="2"/>
                <line number="59" hits="1"/>
                <line number="62" hits="1"/>
                <line number="64" hits="1"/>
              </lines>
            </method>
            <method name="verify" signature="Playground\Login\Blade\Http\Requests\EmailVerificationRequest $request" line-rate="1" branch-rate="0" complexity="3">
              <lines>
                <line number="78" hits="2"/>
                <line number="80" hits="2"/>
                <line number="81" hits="1"/>
                <line number="84" hits="1"/>
                <line number="85" hits="1"/>
                <line number="88" hits="1"/>
              </lines>
            </method>
          </methods>
          <lines>
            <line number="30" hits="2"/>
            <line number="32" hits="2"/>
            <line number="33" hits="1"/>
            <line number="36" hits="1"/>
            <line number="38" hits="1"/>
            <line number="39" hits="1"/>
            <line number="40" hits="1"/>
            <line number="41" hits="1"/>
            <line number="42" hits="1"/>
            <line number="43" hits="1"/>
            <line number="56" hits="2"/>
            <line number="58" hits="2"/>
            <line number="59" hits="1"/>
            <line number="62" hits="1"/>
            <line number="64" hits="1"/>
            <line number="78" hits="2"/>
            <line number="80" hits="2"/>
            <line number="81" hits="1"/>
            <line number="84" hits="1"/>
            <line number="85" hits="1"/>
            <line number="88" hits="1"/>
          </lines>
        </class>
      </classes>
    </package>
    <package name="vendor/gammamatrix/playground-login-blade/src/Http/Controllers/NewPasswordController.php" line-rate="1" branch-rate="0" complexity="5">
      <classes>
        <class name="Playground\Login\Blade\Http\Controllers\NewPasswordController" filename="vendor/gammamatrix/playground-login-blade/src/Http/Controllers/NewPasswordController.php" line-rate="1" branch-rate="0" complexity="5">
          <methods>
            <method name="create" signature="Playground\Login\Blade\Http\Requests\NewPasswordRequest $request" line-rate="1" branch-rate="0" complexity="1">
              <lines>
                <line number="33" hits="1"/>
                <line number="35" hits="1"/>
                <line number="37" hits="1"/>
                <line number="38" hits="1"/>
[...]
            <line number="150" hits="1"/>
            <line number="153" hits="11"/>
            <line number="154" hits="3"/>
            <line number="155" hits="9"/>
            <line number="156" hits="1"/>
            <line number="157" hits="1"/>
            <line number="158" hits="1"/>
            <line number="159" hits="1"/>
            <line number="160" hits="1"/>
            <line number="161" hits="9"/>
            <line number="162" hits="2"/>
            <line number="163" hits="8"/>
            <line number="164" hits="1"/>
            <line number="165" hits="8"/>
            <line number="166" hits="1"/>
            <line number="167" hits="1"/>
            <line number="169" hits="7"/>
            <line number="170" hits="1"/>
            <line number="171" hits="1"/>
            <line number="174" hits="6"/>
            <line number="175" hits="6"/>
            <line number="176" hits="6"/>
            <line number="177" hits="6"/>
            <line number="178" hits="6"/>
            <line number="193" hits="16"/>
          </lines>
        </class>
      </classes>
    </package>
    <package name="vendor/gammamatrix/playground/src/Models/Traits/ScopeFilterFlags.php" line-rate="1" branch-rate="0" complexity="9">
      <classes>
        <class name="Playground\Models\Traits\ScopeFilterFlags" filename="vendor/gammamatrix/playground/src/Models/Traits/ScopeFilterFlags.php" line-rate="1" branch-rate="0" complexity="9">
          <methods>
            <method name="scopeFilterFlags" signature="Illuminate\Database\Eloquent\Builder $query, array $flags, array $validated" line-rate="1" branch-rate="0" complexity="9">
              <lines>
                <line number="23" hits="3"/>
                <line number="24" hits="2"/>
                <line number="27" hits="1"/>
                <line number="28" hits="1"/>
                <line number="29" hits="1"/>
                <line number="30" hits="1"/>
                <line number="31" hits="1"/>
                <line number="33" hits="1"/>
                <line number="35" hits="1"/>
                <line number="47" hits="1"/>
              </lines>
            </method>
          </methods>
          <lines>
            <line number="23" hits="3"/>
            <line number="24" hits="2"/>
            <line number="27" hits="1"/>
            <line number="28" hits="1"/>
            <line number="29" hits="1"/>
            <line number="30" hits="1"/>
            <line number="31" hits="1"/>
            <line number="33" hits="1"/>
            <line number="35" hits="1"/>
            <line number="47" hits="1"/>
          </lines>
        </class>
      </classes>
    </package>
    <package name="vendor/gammamatrix/playground/src/Models/Traits/ScopeFilterIds.php" line-rate="1" branch-rate="0" complexity="27">
      <classes>
        <class name="Playground\Models\Traits\ScopeFilterIds" filename="vendor/gammamatrix/playground/src/Models/Traits/ScopeFilterIds.php" line-rate="1" branch-rate="0" complexity="27">
          <methods>
            <method name="scopeFilterIds" signature="Illuminate\Database\Eloquent\Builder $query, array $ids, array $validated" line-rate="1" branch-rate="0" complexity="27">
              <lines>
                <line number="24" hits="11"/>
                <line number="25" hits="2"/>
                <line number="28" hits="9"/>
                <line number="30" hits="9"/>
                <line number="32" hits="9"/>
                <line number="33" hits="9"/>
                <line number="34" hits="9"/>
                <line number="35" hits="9"/>
                <line number="36" hits="9"/>
                <line number="38" hits="8"/>
                <line number="41" hits="8"/>
                <line number="42" hits="8"/>
                <line number="43" hits="8"/>
                <line number="44" hits="8"/>
                <line number="46" hits="5"/>
                <line number="49" hits="8"/>
                <line number="51" hits="2"/>
                <line number="52" hits="7"/>
                <line number="53" hits="7"/>
                <line number="56" hits="3"/>
                <line number="57" hits="5"/>
                <line number="59" hits="5"/>
                <line number="61" hits="5"/>
                <line number="62" hits="5"/>
                <line number="64" hits="1"/>
                <line number="66" hits="5"/>
                <line number="67" hits="1"/>
                <line number="68" hits="1"/>
                <line number="70" hits="4"/>
                <line number="71" hits="2"/>
                <line number="72" hits="2"/>
                <line number="74" hits="2"/>
                <line number="75" hits="2"/>
                <line number="76" hits="1"/>
                <line number="81" hits="5"/>
                <line number="82" hits="4"/>
                <line number="95" hits="9"/>
              </lines>
            </method>
          </methods>
          <lines>
            <line number="24" hits="11"/>
            <line number="25" hits="2"/>
            <line number="28" hits="9"/>
            <line number="30" hits="9"/>
            <line number="32" hits="9"/>
            <line number="33" hits="9"/>
            <line number="34" hits="9"/>
            <line number="35" hits="9"/>
            <line number="36" hits="9"/>
            <line number="38" hits="8"/>
            <line number="41" hits="8"/>
            <line number="42" hits="8"/>
            <line number="43" hits="8"/>
            <line number="44" hits="8"/>
            <line number="46" hits="5"/>
            <line number="49" hits="8"/>
            <line number="51" hits="2"/>
            <line number="52" hits="7"/>
            <line number="53" hits="7"/>
            <line number="56" hits="3"/>
            <line number="57" hits="5"/>
            <line number="59" hits="5"/>
            <line number="61" hits="5"/>
            <line number="62" hits="5"/>
            <line number="64" hits="1"/>
            <line number="66" hits="5"/>
            <line number="67" hits="1"/>
            <line number="68" hits="1"/>
            <line number="70" hits="4"/>
            <line number="71" hits="2"/>
            <line number="72" hits="2"/>
            <line number="74" hits="2"/>
            <line number="75" hits="2"/>
            <line number="76" hits="1"/>
            <line number="81" hits="5"/>
            <line number="82" hits="4"/>
            <line number="95" hits="9"/>
          </lines>
        </class>
      </classes>
    </package>
    <package name="vendor/gammamatrix/playground/src/Models/Traits/ScopeFilterTrash.php" line-rate="1" branch-rate="0" complexity="7">
      <classes>
        <class name="Playground\Models\Traits\ScopeFilterTrash" filename="vendor/gammamatrix/playground/src/Models/Traits/ScopeFilterTrash.php" line-rate="1" branch-rate="0" complexity="7">
          <methods>
            <method name="scopeFilterTrash" signature="Illuminate\Database\Eloquent\Builder $query, string $visibility" line-rate="1" branch-rate="0" complexity="7">
              <lines>
                <line number="18" hits="3"/>
                <line number="19" hits="3"/>
                <line number="21" hits="1"/>
                <line number="22" hits="2"/>
                <line number="23" hits="2"/>
                <line number="25" hits="1"/>
                <line number="28" hits="3"/>
              </lines>
            </method>
          </methods>
          <lines>
            <line number="18" hits="3"/>
            <line number="19" hits="3"/>
            <line number="21" hits="1"/>
            <line number="22" hits="2"/>
            <line number="23" hits="2"/>
            <line number="25" hits="1"/>
            <line number="28" hits="3"/>
          </lines>
        </class>
      </classes>
    </package>
    <package name="vendor/gammamatrix/playground/src/Models/Traits/ScopeSort.php" line-rate="1" branch-rate="0" complexity="16">
      <classes>
        <class name="Playground\Models\Traits\ScopeSort" filename="vendor/gammamatrix/playground/src/Models/Traits/ScopeSort.php" line-rate="1" branch-rate="0" complexity="16">
          <methods>
            <method name="scopeSort" signature="Illuminate\Database\Eloquent\Builder $query, mixed $sort" line-rate="1" branch-rate="0" complexity="16">
              <lines>
                <line number="18" hits="11"/>
                <line number="19" hits="1"/>
                <line number="22" hits="10"/>
                <line number="24" hits="10"/>
                <line number="26" hits="10"/>
                <line number="27" hits="2"/>
                <line number="30" hits="10"/>
                <line number="31" hits="10"/>
                <line number="32" hits="10"/>
                <line number="33" hits="10"/>
                <line number="34" hits="2"/>
                <line number="35" hits="2"/>
                <line number="36" hits="8"/>
                <line number="37" hits="2"/>
                <line number="38" hits="2"/>
                <line number="39" hits="6"/>
                <line number="40" hits="4"/>
                <line number="41" hits="4"/>
                <line number="43" hits="2"/>
                <line number="44" hits="2"/>
                <line number="45" hits="2"/>
                <line number="47" hits="2"/>
                <line number="51" hits="10"/>
                <line number="52" hits="10"/>
                <line number="53" hits="10"/>
                <line number="55" hits="10"/>
                <line number="56" hits="10"/>
                <line number="61" hits="10"/>
              </lines>
            </method>
          </methods>
          <lines>
            <line number="18" hits="11"/>
            <line number="19" hits="1"/>
            <line number="22" hits="10"/>
            <line number="24" hits="10"/>
            <line number="26" hits="10"/>
            <line number="27" hits="2"/>
            <line number="30" hits="10"/>
            <line number="31" hits="10"/>
            <line number="32" hits="10"/>
            <line number="33" hits="10"/>
            <line number="34" hits="2"/>
            <line number="35" hits="2"/>
            <line number="36" hits="8"/>
            <line number="37" hits="2"/>
            <line number="38" hits="2"/>
            <line number="39" hits="6"/>
            <line number="40" hits="4"/>
            <line number="41" hits="4"/>
            <line number="43" hits="2"/>
            <line number="44" hits="2"/>
            <line number="45" hits="2"/>
            <line number="47" hits="2"/>
            <line number="51" hits="10"/>
            <line number="52" hits="10"/>
            <line number="53" hits="10"/>
            <line number="55" hits="10"/>
            <line number="56" hits="10"/>
            <line number="61" hits="10"/>
          </lines>
        </class>
      </classes>
    </package>
    <package name="vendor/gammamatrix/playground/src/Models/Traits/WithChildren.php" line-rate="1" branch-rate="0" complexity="1">
      <classes>
        <class name="Playground\Models\Traits\WithChildren" filename="vendor/gammamatrix/playground/src/Models/Traits/WithChildren.php" line-rate="1" branch-rate="0" complexity="1">
          <methods>
            <method name="children" signature="" line-rate="1" branch-rate="0" complexity="1">
              <lines>
                <line number="19" hits="1"/>
                <line number="20" hits="1"/>
                <line number="21" hits="1"/>
                <line number="22" hits="1"/>
                <line number="23" hits="1"/>
              </lines>
            </method>
          </methods>
          <lines>
            <line number="19" hits="1"/>
            <line number="20" hits="1"/>
            <line number="21" hits="1"/>
            <line number="22" hits="1"/>
            <line number="23" hits="1"/>
          </lines>
        </class>
      </classes>
    </package>
    <package name="vendor/gammamatrix/playground/src/Models/Traits/WithCreator.php" line-rate="1" branch-rate="0" complexity="1">
      <classes>
        <class name="Playground\Models\Traits\WithCreator" filename="vendor/gammamatrix/playground/src/Models/Traits/WithCreator.php" line-rate="1" branch-rate="0" complexity="1">
          <methods>
            <method name="creator" signature="" line-rate="1" branch-rate="0" complexity="1">
              <lines>
                <line number="22" hits="1"/>
                <line number="24" hits="1"/>
              </lines>
            </method>
          </methods>
          <lines>
            <line number="22" hits="1"/>
            <line number="24" hits="1"/>
          </lines>
        </class>
      </classes>
    </package>
    <package name="vendor/gammamatrix/playground/src/Models/Traits/WithModifier.php" line-rate="1" branch-rate="0" complexity="1">
      <classes>
        <class name="Playground\Models\Traits\WithModifier" filename="vendor/gammamatrix/playground/src/Models/Traits/WithModifier.php" line-rate="1" branch-rate="0" complexity="1">
          <methods>
            <method name="modifier" signature="" line-rate="1" branch-rate="0" complexity="1">
              <lines>
                <line number="22" hits="1"/>
                <line number="24" hits="1"/>
              </lines>
            </method>
          </methods>
          <lines>
            <line number="22" hits="1"/>
            <line number="24" hits="1"/>
          </lines>
        </class>
      </classes>
    </package>
    <package name="vendor/gammamatrix/playground/src/Models/Traits/WithOwner.php" line-rate="1" branch-rate="0" complexity="1">
      <classes>
        <class name="Playground\Models\Traits\WithOwner" filename="vendor/gammamatrix/playground/src/Models/Traits/WithOwner.php" line-rate="1" branch-rate="0" complexity="1">
          <methods>
            <method name="owner" signature="" line-rate="1" branch-rate="0" complexity="1">
              <lines>
                <line number="22" hits="1"/>
                <line number="24" hits="1"/>
              </lines>
            </method>
          </methods>
          <lines>
            <line number="22" hits="1"/>
            <line number="24" hits="1"/>
          </lines>
        </class>
      </classes>
    </package>
    <package name="vendor/gammamatrix/playground/src/Models/Traits/WithParent.php" line-rate="1" branch-rate="0" complexity="1">
      <classes>
        <class name="Playground\Models\Traits\WithParent" filename="vendor/gammamatrix/playground/src/Models/Traits/WithParent.php" line-rate="1" branch-rate="0" complexity="1">
          <methods>
            <method name="parent" signature="" line-rate="1" branch-rate="0" complexity="1">
              <lines>
                <line number="19" hits="1"/>
                <line number="20" hits="1"/>
                <line number="21" hits="1"/>
                <line number="22" hits="1"/>
                <line number="23" hits="1"/>
              </lines>
            </method>
          </methods>
          <lines>
            <line number="19" hits="1"/>
            <line number="20" hits="1"/>
            <line number="21" hits="1"/>
            <line number="22" hits="1"/>
            <line number="23" hits="1"/>
          </lines>
        </class>
      </classes>
    </package>
    <package name="vendor/gammamatrix/playground/src/Models/User.php" line-rate="0" branch-rate="0" complexity="0">
      <classes>
        <class name="Playground\Models\User" filename="vendor/gammamatrix/playground/src/Models/User.php" line-rate="0" branch-rate="0" complexity="0">
          <methods/>
          <lines/>
        </class>
      </classes>
    </package>
    <package name="vendor/gammamatrix/playground/src/Models/UuidModel.php" line-rate="0" branch-rate="0" complexity="0">
      <classes>
        <class name="Playground\Models\UuidModel" filename="vendor/gammamatrix/playground/src/Models/UuidModel.php" line-rate="0" branch-rate="0" complexity="0">
          <methods/>
          <lines/>
        </class>
      </classes>
    </package>
    <package name="vendor/gammamatrix/playground/src/ServiceProvider.php" line-rate="1" branch-rate="0" complexity="15">
      <classes>
        <class name="Playground\ServiceProvider" filename="vendor/gammamatrix/playground/src/ServiceProvider.php" line-rate="1" branch-rate="0" complexity="15">
          <methods>
            <method name="boot" signature="" line-rate="1" branch-rate="0" complexity="4">
              <lines>
                <line number="24" hits="188"/>
                <line number="26" hits="188"/>
                <line number="27" hits="2"/>
                <line number="28" hits="2"/>
                <line number="29" hits="2"/>
                <line number="30" hits="2"/>
                <line number="32" hits="2"/>
                <line number="34" hits="2"/>
                <line number="35" hits="2"/>
                <line number="36" hits="2"/>
                <line number="39" hits="2"/>
              </lines>
            </method>
            <method name="about" signature="array $config" line-rate="1" branch-rate="0" complexity="9">
              <lines>
                <line number="48" hits="2"/>
                <line number="49" hits="2"/>
                <line number="51" hits="2"/>
                <line number="53" hits="2"/>
                <line number="55" hits="2"/>
                <line number="56" hits="2"/>
                <line number="57" hits="2"/>
                <line number="59" hits="2"/>
                <line number="60" hits="2"/>
                <line number="62" hits="2"/>
                <line number="63" hits="2"/>
                <line number="65" hits="2"/>
                <line number="66" hits="2"/>
                <line number="67" hits="2"/>
                <line number="68" hits="2"/>
              </lines>
            </method>
            <method name="register" signature="" line-rate="1" branch-rate="0" complexity="1">
              <lines>
                <line number="73" hits="188"/>
                <line number="74" hits="188"/>
                <line number="75" hits="188"/>
                <line number="76" hits="188"/>
              </lines>
            </method>
            <method name="version" signature="" line-rate="1" branch-rate="0" complexity="1">
              <lines>
                <line number="81" hits="2"/>
              </lines>
            </method>
          </methods>
          <lines>
            <line number="24" hits="188"/>
            <line number="26" hits="188"/>
            <line number="27" hits="2"/>
            <line number="28" hits="2"/>
            <line number="29" hits="2"/>
            <line number="30" hits="2"/>
            <line number="32" hits="2"/>
            <line number="34" hits="2"/>
            <line number="35" hits="2"/>
            <line number="36" hits="2"/>
            <line number="39" hits="2"/>
            <line number="48" hits="2"/>
            <line number="49" hits="2"/>
            <line number="51" hits="2"/>
            <line number="53" hits="2"/>
            <line number="55" hits="2"/>
            <line number="56" hits="2"/>
            <line number="57" hits="2"/>
            <line number="59" hits="2"/>
            <line number="60" hits="2"/>
            <line number="62" hits="2"/>
            <line number="63" hits="2"/>
            <line number="65" hits="2"/>
            <line number="66" hits="2"/>
            <line number="67" hits="2"/>
            <line number="68" hits="2"/>
            <line number="73" hits="188"/>
            <line number="74" hits="188"/>
            <line number="75" hits="188"/>
            <line number="76" hits="188"/>
            <line number="81" hits="2"/>
          </lines>
        </class>
      </classes>
    </package>
  </packages>
</coverage>
